[100%] Built target object_detection_visual
-- Install configuration: ""
-- Up-to-date: /home/radu/camera_detection_assignment/ws/install/object_detection_visual/lib/object_detection_visual/object_detection_visual
-- Up-to-date: /home/radu/camera_detection_assignment/ws/install/object_detection_visual/share/object_detection_visual//launch
-- Up-to-date: /home/radu/camera_detection_assignment/ws/install/object_detection_visual/share/object_detection_visual//launch/object_detection_visual.launch.py
-- Up-to-date: /home/radu/camera_detection_assignment/ws/install/object_detection_visual/share/object_detection_visual//models
-- Up-to-date: /home/radu/camera_detection_assignment/ws/install/object_detection_visual/share/object_detection_visual//models/wheeled_robot.sdf
-- Up-to-date: /home/radu/camera_detection_assignment/ws/install/object_detection_visual/share/object_detection_visual//rviz
-- Up-to-date: /home/radu/camera_detection_assignment/ws/install/object_detection_visual/share/object_detection_visual//rviz/wheeled_robot.rviz
-- Up-to-date: /home/radu/camera_detection_assignment/ws/install/object_detection_visual/share/ament_index/resource_index/package_run_dependencies/object_detection_visual
-- Up-to-date: /home/radu/camera_detection_assignment/ws/install/object_detection_visual/share/ament_index/resource_index/parent_prefix_path/object_detection_visual
-- Up-to-date: /home/radu/camera_detection_assignment/ws/install/object_detection_visual/share/object_detection_visual/environment/ament_prefix_path.sh
-- Up-to-date: /home/radu/camera_detection_assignment/ws/install/object_detection_visual/share/object_detection_visual/environment/ament_prefix_path.dsv
-- Up-to-date: /home/radu/camera_detection_assignment/ws/install/object_detection_visual/share/object_detection_visual/environment/path.sh
-- Up-to-date: /home/radu/camera_detection_assignment/ws/install/object_detection_visual/share/object_detection_visual/environment/path.dsv
-- Up-to-date: /home/radu/camera_detection_assignment/ws/install/object_detection_visual/share/object_detection_visual/local_setup.bash
-- Up-to-date: /home/radu/camera_detection_assignment/ws/install/object_detection_visual/share/object_detection_visual/local_setup.sh
-- Up-to-date: /home/radu/camera_detection_assignment/ws/install/object_detection_visual/share/object_detection_visual/local_setup.zsh
-- Up-to-date: /home/radu/camera_detection_assignment/ws/install/object_detection_visual/share/object_detection_visual/local_setup.dsv
-- Installing: /home/radu/camera_detection_assignment/ws/install/object_detection_visual/share/object_detection_visual/package.dsv
-- Up-to-date: /home/radu/camera_detection_assignment/ws/install/object_detection_visual/share/ament_index/resource_index/packages/object_detection_visual
-- Up-to-date: /home/radu/camera_detection_assignment/ws/install/object_detection_visual/share/object_detection_visual/cmake/object_detection_visualConfig.cmake
-- Up-to-date: /home/radu/camera_detection_assignment/ws/install/object_detection_visual/share/object_detection_visual/cmake/object_detection_visualConfig-version.cmake
-- Up-to-date: /home/radu/camera_detection_assignment/ws/install/object_detection_visual/share/object_detection_visual/package.xml
