-- The C compiler identification is GNU 9.4.0
-- The CXX compiler identification is GNU 9.4.0
-- Check for working C compiler: /usr/bin/cc
-- Check for working C compiler: /usr/bin/cc -- works
-- Detecting C compiler ABI info
-- Detecting C compiler ABI info - done
-- Detecting C compile features
-- Detecting C compile features - done
-- Check for working CXX compiler: /usr/bin/c++
-- Check for working CXX compiler: /usr/bin/c++ -- works
-- Detecting CXX compiler ABI info
-- Detecting CXX compiler ABI info - done
-- Detecting CXX compile features
-- Detecting CXX compile features - done
-- Found ament_cmake: 0.9.11 (/opt/ros/foxy/share/ament_cmake/cmake)
-- Found PythonInterp: /usr/bin/python3 (found suitable version "3.8.10", minimum required is "3") 
-- Using PYTHON_EXECUTABLE: /usr/bin/python3
-- Found rclcpp: 2.4.2 (/opt/ros/foxy/share/rclcpp/cmake)
-- Using all available rosidl_typesupport_c: rosidl_typesupport_fastrtps_c;rosidl_typesupport_introspection_c
-- Found rosidl_adapter: 1.3.0 (/opt/ros/foxy/share/rosidl_adapter/cmake)
-- Found OpenSSL: /usr/lib/x86_64-linux-gnu/libcrypto.so (found version "1.1.1f")  
-- Found FastRTPS: /opt/ros/foxy/include  
-- Using all available rosidl_typesupport_cpp: rosidl_typesupport_fastrtps_cpp;rosidl_typesupport_introspection_cpp
-- Found rmw_implementation_cmake: 1.0.3 (/opt/ros/foxy/share/rmw_implementation_cmake/cmake)
-- Using RMW implementation 'rmw_fastrtps_cpp' as default
-- Looking for pthread.h
-- Looking for pthread.h - found
-- Performing Test CMAKE_HAVE_LIBC_PTHREAD
-- Performing Test CMAKE_HAVE_LIBC_PTHREAD - Failed
-- Looking for pthread_create in pthreads
-- Looking for pthread_create in pthreads - not found
-- Looking for pthread_create in pthread
-- Looking for pthread_create in pthread - found
-- Found Threads: TRUE  
-- Found visualization_msgs: 2.0.5 (/opt/ros/foxy/share/visualization_msgs/cmake)
-- Looking for gz-rendering7 -- found version 7.2.0
-- Searching for dependencies of gz-rendering7
-- Looking for gz-math7 -- found version 7.1.0
-- Searching for dependencies of gz-math7
-- Looking for gz-utils2 -- found version 2.0.0
-- Searching for dependencies of gz-utils2
-- Searching for <gz-math7> component [eigen3]
-- Looking for gz-math7-eigen3 -- found version 7.1.0
-- Searching for dependencies of gz-math7-eigen3
-- Looking for gz-common5 -- found version 5.3.1
-- Searching for dependencies of gz-common5
-- Looking for gz-utils2 -- found version 2.0.0
-- Looking for dlfcn.h - found
-- Looking for libdl - found
-- Found DL: TRUE  
-- Checking for module 'uuid'
--   Found uuid, version 2.34.0
-- Found UUID: TRUE  
-- Searching for <gz-common5> component [graphics]
-- Looking for gz-common5-graphics -- found version 5.3.1
-- Searching for dependencies of gz-common5-graphics
-- Looking for gz-math7 -- found version 7.1.0
-- Found GzAssimp: TRUE (found version "5.0.0") 
-- Searching for <gz-common5> component [events]
-- Looking for gz-common5-events -- found version 5.3.1
-- Searching for dependencies of gz-common5-events
-- Looking for gz-math7 -- found version 7.1.0
-- Searching for <gz-common5> component [geospatial]
-- Looking for gz-common5-geospatial -- found version 5.3.1
-- Searching for dependencies of gz-common5-geospatial
-- Looking for gz-math7 -- found version 7.1.0
-- Looking for gz-common5 -- found version 5.3.1
-- Looking for gz-plugin2 -- found version 2.0.1
-- Searching for dependencies of gz-plugin2
-- Looking for gz-utils2 -- found version 2.0.0
-- Searching for dependencies of gz-utils2
-- Searching for <gz-utils2> component [cli]
-- Looking for gz-utils2-cli -- found version 2.0.0
-- Searching for dependencies of gz-utils2-cli
-- Searching for <gz-plugin2> component [all]
-- Looking for all libraries of gz-plugin2 -- found version 2.0.1
-- Looking for gz-plugin2 -- found version 2.0.1
-- Looking for gz-plugin2-loader -- found version 2.0.1
-- Searching for dependencies of gz-plugin2-loader
-- Looking for gz-plugin2-register -- found version 2.0.1
-- Searching for dependencies of gz-plugin2-register
-- Looking for gz-utils2 -- found version 2.0.0
-- Searching for <gz-rendering7> component [ogre]
-- Looking for gz-rendering7-ogre -- found version 7.2.0
-- Searching for dependencies of gz-rendering7-ogre
CMake Warning (dev) at /usr/share/cmake-3.16/Modules/FindOpenGL.cmake:275 (message):
  Policy CMP0072 is not set: FindOpenGL prefers GLVND by default when
  available.  Run "cmake --help-policy CMP0072" for policy details.  Use the
  cmake_policy command to set the policy and suppress this warning.

  FindOpenGL found both a legacy GL library:

    OPENGL_gl_LIBRARY: /usr/lib/x86_64-linux-gnu/libGL.so

  and GLVND libraries for OpenGL and GLX:

    OPENGL_opengl_LIBRARY: /usr/lib/x86_64-linux-gnu/libOpenGL.so
    OPENGL_glx_LIBRARY: /usr/lib/x86_64-linux-gnu/libGLX.so

  OpenGL_GL_PREFERENCE has not been set to "GLVND" or "LEGACY", so for
  compatibility with CMake 3.10 and below the legacy GL library will be used.
Call Stack (most recent call first):
  /usr/lib/x86_64-linux-gnu/cmake/gz-rendering7-ogre/gz-rendering7-ogre-config.cmake:114 (find_package)
  /usr/lib/x86_64-linux-gnu/cmake/gz-rendering7/gz-rendering7-config.cmake:206 (find_package)
  CMakeLists.txt:24 (find_package)
This warning is for project developers.  Use -Wno-dev to suppress it.

-- Found OpenGL: /usr/lib/x86_64-linux-gnu/libOpenGL.so   
-- Searching for <gz-rendering7> component [ogre2]
-- Looking for gz-rendering7-ogre2 -- found version 7.2.0
-- Searching for dependencies of gz-rendering7-ogre2
-- Looking for gz-sensors7 -- found version 7.0.0
-- Searching for dependencies of gz-sensors7
-- Found Protobuf: /usr/lib/x86_64-linux-gnu/libprotobuf.so;-lpthread (found suitable version "3.6.1", minimum required is "3") 
-- Looking for gz-math7 -- found version 7.1.0
-- Looking for gz-common5 -- found version 5.3.1
-- Searching for dependencies of gz-common5
-- Looking for gz-utils2 -- found version 2.0.0
-- Looking for dlfcn.h - found
-- Looking for libdl - found
-- Searching for <gz-common5> component [profiler]
-- Looking for gz-common5-profiler -- found version 5.3.1
-- Searching for dependencies of gz-common5-profiler
-- Looking for gz-transport12 -- found version 12.0.0
-- Searching for dependencies of gz-transport12
-- Config-file not installed for ZeroMQ -- checking for pkg-config
-- Checking for module 'libzmq >= 4'
--   Found libzmq , version 4.3.2
-- Found ZeroMQ: TRUE (Required is at least version "4") 
-- Looking for gz-utils2 -- found version 2.0.0
-- Looking for gz-msgs9 -- found version 9.2.0
-- Searching for dependencies of gz-msgs9
-- Looking for gz-math7 -- found version 7.1.0
-- Checking for module 'tinyxml2'
--   Found tinyxml2, version 6.2.0
-- Looking for gz-rendering7 -- found version 7.2.0
-- Looking for gz-msgs9 -- found version 9.2.0
-- Looking for sdformat13 -- found version 13.2.0
-- Searching for dependencies of sdformat13
-- Looking for gz-math7 -- found version 7.1.0
-- Looking for gz-utils2 -- found version 2.0.0
-- Searching for <gz-sensors7> component [rendering]
-- Looking for gz-sensors7-rendering -- found version 7.0.0
-- Searching for dependencies of gz-sensors7-rendering
-- Searching for <gz-sensors7> component [camera]
-- Looking for gz-sensors7-camera -- found version 7.0.0
-- Searching for dependencies of gz-sensors7-camera
-- Found ament_lint_auto: 0.9.7 (/opt/ros/foxy/share/ament_lint_auto/cmake)
-- Added test 'copyright' to check source files copyright and LICENSE
-- Added test 'cppcheck' to perform static code analysis on C / C++ code
-- Configured cppcheck include dirs: /home/radu/camera_detection_assignment/ws/src/object_detection_visual/include
-- Configured cppcheck exclude dirs and/or files: 
-- Added test 'cpplint' to check C / C++ code against the Google style
-- Configured cpplint exclude dirs and/or files: 
-- Added test 'flake8' to check Python code syntax and style conventions
-- Added test 'lint_cmake' to check CMake code style
-- Added test 'pep257' to check Python code against some of the style conventions in PEP 257
-- Added test 'uncrustify' to check C / C++ code style
-- Configured uncrustify additional arguments: 
-- Added test 'xmllint' to check XML markup files
-- Configuring done
-- Generating done
-- Build files have been written to: /home/radu/camera_detection_assignment/ws/build/object_detection_visual
[35m[1mScanning dependencies of target object_detection_visual[0m
[ 50%] [32mBuilding CXX object CMakeFiles/object_detection_visual.dir/src/object_detection_visual_node.cpp.o[0m
[100%] [32m[1mLinking CXX executable object_detection_visual[0m
[100%] Built target object_detection_visual
-- Install configuration: ""
-- Installing: /home/radu/camera_detection_assignment/ws/install/object_detection_visual/lib/object_detection_visual/object_detection_visual
-- Set runtime path of "/home/radu/camera_detection_assignment/ws/install/object_detection_visual/lib/object_detection_visual/object_detection_visual" to ""
-- Installing: /home/radu/camera_detection_assignment/ws/install/object_detection_visual/share/object_detection_visual//launch
-- Installing: /home/radu/camera_detection_assignment/ws/install/object_detection_visual/share/object_detection_visual//launch/object_detection_visual.launch.py
-- Installing: /home/radu/camera_detection_assignment/ws/install/object_detection_visual/share/object_detection_visual//models
-- Installing: /home/radu/camera_detection_assignment/ws/install/object_detection_visual/share/object_detection_visual//models/wheeled_robot.sdf
-- Installing: /home/radu/camera_detection_assignment/ws/install/object_detection_visual/share/object_detection_visual//rviz
-- Installing: /home/radu/camera_detection_assignment/ws/install/object_detection_visual/share/object_detection_visual//rviz/wheeled_robot.rviz
-- Installing: /home/radu/camera_detection_assignment/ws/install/object_detection_visual/share/ament_index/resource_index/package_run_dependencies/object_detection_visual
-- Installing: /home/radu/camera_detection_assignment/ws/install/object_detection_visual/share/ament_index/resource_index/parent_prefix_path/object_detection_visual
-- Installing: /home/radu/camera_detection_assignment/ws/install/object_detection_visual/share/object_detection_visual/environment/ament_prefix_path.sh
-- Installing: /home/radu/camera_detection_assignment/ws/install/object_detection_visual/share/object_detection_visual/environment/ament_prefix_path.dsv
-- Installing: /home/radu/camera_detection_assignment/ws/install/object_detection_visual/share/object_detection_visual/environment/path.sh
-- Installing: /home/radu/camera_detection_assignment/ws/install/object_detection_visual/share/object_detection_visual/environment/path.dsv
-- Installing: /home/radu/camera_detection_assignment/ws/install/object_detection_visual/share/object_detection_visual/local_setup.bash
-- Installing: /home/radu/camera_detection_assignment/ws/install/object_detection_visual/share/object_detection_visual/local_setup.sh
-- Installing: /home/radu/camera_detection_assignment/ws/install/object_detection_visual/share/object_detection_visual/local_setup.zsh
-- Installing: /home/radu/camera_detection_assignment/ws/install/object_detection_visual/share/object_detection_visual/local_setup.dsv
-- Installing: /home/radu/camera_detection_assignment/ws/install/object_detection_visual/share/object_detection_visual/package.dsv
-- Installing: /home/radu/camera_detection_assignment/ws/install/object_detection_visual/share/ament_index/resource_index/packages/object_detection_visual
-- Installing: /home/radu/camera_detection_assignment/ws/install/object_detection_visual/share/object_detection_visual/cmake/object_detection_visualConfig.cmake
-- Installing: /home/radu/camera_detection_assignment/ws/install/object_detection_visual/share/object_detection_visual/cmake/object_detection_visualConfig-version.cmake
-- Installing: /home/radu/camera_detection_assignment/ws/install/object_detection_visual/share/object_detection_visual/package.xml
