[0.140s] DEBUG:colcon:Command line arguments: ['/usr/bin/colcon', 'build']
[0.140s] DEBUG:colcon:Parsed command line arguments: Namespace(allow_overriding=[], ament_cmake_args=None, base_paths=['.'], build_base='build', catkin_cmake_args=None, catkin_skip_building_tests=False, cmake_args=None, cmake_clean_cache=False, cmake_clean_first=False, cmake_force_configure=False, cmake_target=None, cmake_target_skip_unavailable=False, continue_on_error=False, event_handlers=None, executor='parallel', ignore_user_meta=False, install_base='install', log_base=None, log_level=None, main=<bound method BuildVerb.main of <colcon_core.verb.build.BuildVerb object at 0x7f2a9ab7cbe0>>, merge_install=False, metas=['./colcon.meta'], mixin=None, mixin_files=None, mixin_verb=('build',), packages_above=None, packages_above_and_dependencies=None, packages_above_depth=None, packages_end=None, packages_ignore=None, packages_ignore_regex=None, packages_select=None, packages_select_build_failed=False, packages_select_by_dep=None, packages_select_regex=None, packages_select_test_failures=False, packages_skip=None, packages_skip_build_finished=False, packages_skip_by_dep=None, packages_skip_regex=None, packages_skip_test_passed=False, packages_skip_up_to=None, packages_start=None, packages_up_to=None, packages_up_to_regex=None, parallel_workers=12, paths=None, symlink_install=False, test_result_base=None, verb_extension=<colcon_core.verb.build.BuildVerb object at 0x7f2a9ab7cbe0>, verb_name='build', verb_parser=<colcon_mixin.mixin.mixin_argument.MixinArgumentDecorator object at 0x7f2a9ab881f0>)
[0.159s] Level 1:colcon.colcon_core.package_discovery:discover_packages(colcon_meta) check parameters
[0.159s] Level 1:colcon.colcon_core.package_discovery:discover_packages(recursive) check parameters
[0.159s] Level 1:colcon.colcon_core.package_discovery:discover_packages(ignore) check parameters
[0.159s] Level 1:colcon.colcon_core.package_discovery:discover_packages(path) check parameters
[0.159s] Level 1:colcon.colcon_core.package_discovery:discover_packages(colcon_meta) discover
[0.159s] Level 1:colcon.colcon_core.package_discovery:discover_packages(recursive) discover
[0.159s] INFO:colcon.colcon_core.package_discovery:Crawling recursively for packages in '/home/radu/camera_detection_assignment/ws'
[0.160s] Level 1:colcon.colcon_core.package_identification:_identify(.) by extensions ['ignore', 'ignore_ament_install']
[0.160s] Level 1:colcon.colcon_core.package_identification:_identify(.) by extension 'ignore'
[0.160s] Level 1:colcon.colcon_core.package_identification:_identify(.) by extension 'ignore_ament_install'
[0.160s] Level 1:colcon.colcon_core.package_identification:_identify(.) by extensions ['colcon_pkg']
[0.160s] Level 1:colcon.colcon_core.package_identification:_identify(.) by extension 'colcon_pkg'
[0.160s] Level 1:colcon.colcon_core.package_identification:_identify(.) by extensions ['colcon_meta']
[0.160s] Level 1:colcon.colcon_core.package_identification:_identify(.) by extension 'colcon_meta'
[0.160s] Level 1:colcon.colcon_core.package_identification:_identify(.) by extensions ['ros']
[0.160s] Level 1:colcon.colcon_core.package_identification:_identify(.) by extension 'ros'
[0.174s] Level 1:colcon.colcon_core.package_identification:_identify(.) by extensions ['cmake', 'python']
[0.174s] Level 1:colcon.colcon_core.package_identification:_identify(.) by extension 'cmake'
[0.174s] Level 1:colcon.colcon_core.package_identification:_identify(.) by extension 'python'
[0.174s] Level 1:colcon.colcon_core.package_identification:_identify(.) by extensions ['python_setup_py']
[0.174s] Level 1:colcon.colcon_core.package_identification:_identify(.) by extension 'python_setup_py'
[0.174s] Level 1:colcon.colcon_core.package_identification:_identify(build) by extensions ['ignore', 'ignore_ament_install']
[0.174s] Level 1:colcon.colcon_core.package_identification:_identify(build) by extension 'ignore'
[0.174s] Level 1:colcon.colcon_core.package_identification:_identify(build) ignored
[0.175s] Level 1:colcon.colcon_core.package_identification:_identify(install) by extensions ['ignore', 'ignore_ament_install']
[0.175s] Level 1:colcon.colcon_core.package_identification:_identify(install) by extension 'ignore'
[0.175s] Level 1:colcon.colcon_core.package_identification:_identify(install) ignored
[0.175s] Level 1:colcon.colcon_core.package_identification:_identify(log) by extensions ['ignore', 'ignore_ament_install']
[0.175s] Level 1:colcon.colcon_core.package_identification:_identify(log) by extension 'ignore'
[0.175s] Level 1:colcon.colcon_core.package_identification:_identify(log) ignored
[0.175s] Level 1:colcon.colcon_core.package_identification:_identify(src) by extensions ['ignore', 'ignore_ament_install']
[0.175s] Level 1:colcon.colcon_core.package_identification:_identify(src) by extension 'ignore'
[0.175s] Level 1:colcon.colcon_core.package_identification:_identify(src) by extension 'ignore_ament_install'
[0.175s] Level 1:colcon.colcon_core.package_identification:_identify(src) by extensions ['colcon_pkg']
[0.175s] Level 1:colcon.colcon_core.package_identification:_identify(src) by extension 'colcon_pkg'
[0.175s] Level 1:colcon.colcon_core.package_identification:_identify(src) by extensions ['colcon_meta']
[0.175s] Level 1:colcon.colcon_core.package_identification:_identify(src) by extension 'colcon_meta'
[0.175s] Level 1:colcon.colcon_core.package_identification:_identify(src) by extensions ['ros']
[0.175s] Level 1:colcon.colcon_core.package_identification:_identify(src) by extension 'ros'
[0.175s] Level 1:colcon.colcon_core.package_identification:_identify(src) by extensions ['cmake', 'python']
[0.175s] Level 1:colcon.colcon_core.package_identification:_identify(src) by extension 'cmake'
[0.175s] Level 1:colcon.colcon_core.package_identification:_identify(src) by extension 'python'
[0.175s] Level 1:colcon.colcon_core.package_identification:_identify(src) by extensions ['python_setup_py']
[0.175s] Level 1:colcon.colcon_core.package_identification:_identify(src) by extension 'python_setup_py'
[0.176s] Level 1:colcon.colcon_core.package_identification:_identify(src/object_detection_visual) by extensions ['ignore', 'ignore_ament_install']
[0.176s] Level 1:colcon.colcon_core.package_identification:_identify(src/object_detection_visual) by extension 'ignore'
[0.176s] Level 1:colcon.colcon_core.package_identification:_identify(src/object_detection_visual) by extension 'ignore_ament_install'
[0.176s] Level 1:colcon.colcon_core.package_identification:_identify(src/object_detection_visual) by extensions ['colcon_pkg']
[0.176s] Level 1:colcon.colcon_core.package_identification:_identify(src/object_detection_visual) by extension 'colcon_pkg'
[0.176s] Level 1:colcon.colcon_core.package_identification:_identify(src/object_detection_visual) by extensions ['colcon_meta']
[0.176s] Level 1:colcon.colcon_core.package_identification:_identify(src/object_detection_visual) by extension 'colcon_meta'
[0.176s] Level 1:colcon.colcon_core.package_identification:_identify(src/object_detection_visual) by extensions ['ros']
[0.176s] Level 1:colcon.colcon_core.package_identification:_identify(src/object_detection_visual) by extension 'ros'
[0.178s] DEBUG:colcon.colcon_core.package_identification:Package 'src/object_detection_visual' with type 'ros.ament_cmake' and name 'object_detection_visual'
[0.178s] Level 1:colcon.colcon_core.package_discovery:discover_packages(recursive) using defaults
[0.178s] Level 1:colcon.colcon_core.package_discovery:discover_packages(ignore) discover
[0.178s] Level 1:colcon.colcon_core.package_discovery:discover_packages(ignore) using defaults
[0.178s] Level 1:colcon.colcon_core.package_discovery:discover_packages(path) discover
[0.178s] Level 1:colcon.colcon_core.package_discovery:discover_packages(path) using defaults
[0.194s] Level 1:colcon.colcon_core.package_discovery:discover_packages(prefix_path) check parameters
[0.194s] Level 1:colcon.colcon_core.package_discovery:discover_packages(prefix_path) discover
[0.195s] WARNING:colcon.colcon_ros.prefix_path.ament:The path '/home/radu/camera_detection_assignment/ws/install/ros_ign_interfaces' in the environment variable AMENT_PREFIX_PATH doesn't exist
[0.195s] WARNING:colcon.colcon_ros.prefix_path.ament:The path '/home/radu/camera_detection_assignment/ws/install/ros_ign' in the environment variable AMENT_PREFIX_PATH doesn't exist
[0.195s] WARNING:colcon.colcon_ros.prefix_path.ament:The path '/home/radu/camera_detection_assignment/ws/install/ros_ign_gazebo_demos' in the environment variable AMENT_PREFIX_PATH doesn't exist
[0.195s] WARNING:colcon.colcon_ros.prefix_path.ament:The path '/home/radu/camera_detection_assignment/ws/install/ros_ign_image' in the environment variable AMENT_PREFIX_PATH doesn't exist
[0.195s] WARNING:colcon.colcon_ros.prefix_path.ament:The path '/home/radu/camera_detection_assignment/ws/install/ros_ign_gazebo' in the environment variable AMENT_PREFIX_PATH doesn't exist
[0.195s] WARNING:colcon.colcon_ros.prefix_path.ament:The path '/home/radu/camera_detection_assignment/ws/install/ros_ign_bridge' in the environment variable AMENT_PREFIX_PATH doesn't exist
[0.195s] WARNING:colcon.colcon_ros.prefix_path.ament:The path '/home/radu/camera_detection_assignment/ws/install/ros_gz_sim' in the environment variable AMENT_PREFIX_PATH doesn't exist
[0.195s] WARNING:colcon.colcon_ros.prefix_path.ament:The path '/home/radu/camera_detection_assignment/ws/install/ros_gz_interfaces' in the environment variable AMENT_PREFIX_PATH doesn't exist
[0.195s] WARNING:colcon.colcon_ros.prefix_path.ament:The path '/home/radu/camera_detection_assignment/ws/install/object_detection_visual' in the environment variable AMENT_PREFIX_PATH doesn't exist
[0.196s] WARNING:colcon.colcon_ros.prefix_path.catkin:The path '/home/radu/camera_detection_assignment/ws/install/ros_ign_interfaces' in the environment variable CMAKE_PREFIX_PATH doesn't exist
[0.196s] WARNING:colcon.colcon_ros.prefix_path.catkin:The path '/home/radu/camera_detection_assignment/ws/install/ros_ign' in the environment variable CMAKE_PREFIX_PATH doesn't exist
[0.196s] WARNING:colcon.colcon_ros.prefix_path.catkin:The path '/home/radu/camera_detection_assignment/ws/install/ros_ign_gazebo_demos' in the environment variable CMAKE_PREFIX_PATH doesn't exist
[0.196s] WARNING:colcon.colcon_ros.prefix_path.catkin:The path '/home/radu/camera_detection_assignment/ws/install/ros_ign_image' in the environment variable CMAKE_PREFIX_PATH doesn't exist
[0.196s] WARNING:colcon.colcon_ros.prefix_path.catkin:The path '/home/radu/camera_detection_assignment/ws/install/ros_ign_gazebo' in the environment variable CMAKE_PREFIX_PATH doesn't exist
[0.196s] WARNING:colcon.colcon_ros.prefix_path.catkin:The path '/home/radu/camera_detection_assignment/ws/install/ros_ign_bridge' in the environment variable CMAKE_PREFIX_PATH doesn't exist
[0.196s] WARNING:colcon.colcon_ros.prefix_path.catkin:The path '/home/radu/camera_detection_assignment/ws/install/ros_gz_sim' in the environment variable CMAKE_PREFIX_PATH doesn't exist
[0.196s] WARNING:colcon.colcon_ros.prefix_path.catkin:The path '/home/radu/camera_detection_assignment/ws/install/ros_gz_interfaces' in the environment variable CMAKE_PREFIX_PATH doesn't exist
[0.196s] WARNING:colcon.colcon_ros.prefix_path.catkin:The path '/home/radu/camera_detection_assignment/ws/install/object_detection_visual' in the environment variable CMAKE_PREFIX_PATH doesn't exist
[0.196s] WARNING:colcon.colcon_ros.prefix_path.catkin:The path '/home/radu/camera_detection_assignment/ws/install/gz-transport12' in the environment variable CMAKE_PREFIX_PATH doesn't exist
[0.196s] WARNING:colcon.colcon_ros.prefix_path.catkin:The path '/home/radu/camera_detection_assignment/ws/install/gz-math7' in the environment variable CMAKE_PREFIX_PATH doesn't exist
[0.198s] DEBUG:colcon.colcon_installed_package_information.package_discovery:Found 0 installed packages in /home/radu/camera_detection_assignment/ws/install
[0.200s] DEBUG:colcon.colcon_installed_package_information.package_discovery:Found 3 installed packages in /home/radu/ws_moveit2/install
[0.202s] DEBUG:colcon.colcon_installed_package_information.package_discovery:Found 262 installed packages in /opt/ros/foxy
[0.207s] DEBUG:colcon.colcon_installed_package_information.package_discovery:Found 273 installed packages in /opt/ros/rolling
[0.215s] Level 1:colcon.colcon_core.package_discovery:discover_packages(prefix_path) using defaults
[0.340s] Level 5:colcon.colcon_core.verb:set package 'object_detection_visual' build argument 'cmake_args' from command line to 'None'
[0.340s] Level 5:colcon.colcon_core.verb:set package 'object_detection_visual' build argument 'cmake_target' from command line to 'None'
[0.340s] Level 5:colcon.colcon_core.verb:set package 'object_detection_visual' build argument 'cmake_target_skip_unavailable' from command line to 'False'
[0.340s] Level 5:colcon.colcon_core.verb:set package 'object_detection_visual' build argument 'cmake_clean_cache' from command line to 'False'
[0.340s] Level 5:colcon.colcon_core.verb:set package 'object_detection_visual' build argument 'cmake_clean_first' from command line to 'False'
[0.340s] Level 5:colcon.colcon_core.verb:set package 'object_detection_visual' build argument 'cmake_force_configure' from command line to 'False'
[0.340s] Level 5:colcon.colcon_core.verb:set package 'object_detection_visual' build argument 'ament_cmake_args' from command line to 'None'
[0.340s] Level 5:colcon.colcon_core.verb:set package 'object_detection_visual' build argument 'catkin_cmake_args' from command line to 'None'
[0.340s] Level 5:colcon.colcon_core.verb:set package 'object_detection_visual' build argument 'catkin_skip_building_tests' from command line to 'False'
[0.340s] DEBUG:colcon.colcon_core.verb:Building package 'object_detection_visual' with the following arguments: {'ament_cmake_args': None, 'build_base': '/home/radu/camera_detection_assignment/ws/build/object_detection_visual', 'catkin_cmake_args': None, 'catkin_skip_building_tests': False, 'cmake_args': None, 'cmake_clean_cache': False, 'cmake_clean_first': False, 'cmake_force_configure': False, 'cmake_target': None, 'cmake_target_skip_unavailable': False, 'install_base': '/home/radu/camera_detection_assignment/ws/install/object_detection_visual', 'merge_install': False, 'path': '/home/radu/camera_detection_assignment/ws/src/object_detection_visual', 'symlink_install': False, 'test_result_base': None}
[0.341s] INFO:colcon.colcon_core.executor:Executing jobs using 'parallel' executor
[0.344s] DEBUG:colcon.colcon_parallel_executor.executor.parallel:run_until_complete
[0.344s] INFO:colcon.colcon_ros.task.ament_cmake.build:Building ROS package in '/home/radu/camera_detection_assignment/ws/src/object_detection_visual' with build type 'ament_cmake'
[0.345s] INFO:colcon.colcon_cmake.task.cmake.build:Building CMake package in '/home/radu/camera_detection_assignment/ws/src/object_detection_visual'
[0.348s] INFO:colcon.colcon_core.plugin_system:Skipping extension 'colcon_core.shell.bat': Not used on non-Windows systems
[0.348s] INFO:colcon.colcon_core.shell:Skip shell extension 'powershell' for command environment: Not usable outside of PowerShell
[0.348s] DEBUG:colcon.colcon_core.shell:Skip shell extension 'dsv' for command environment
[0.362s] DEBUG:colcon.colcon_core.event_handler.log_command:Invoking command in '/home/radu/camera_detection_assignment/ws/build/object_detection_visual': CMAKE_PREFIX_PATH=${CMAKE_PREFIX_PATH}:/opt/ros/foxy:/opt/ros/rolling /usr/bin/cmake /home/radu/camera_detection_assignment/ws/src/object_detection_visual -DCMAKE_INSTALL_PREFIX=/home/radu/camera_detection_assignment/ws/install/object_detection_visual
[2.636s] DEBUG:colcon.colcon_core.event_handler.log_command:Invoked command in '/home/radu/camera_detection_assignment/ws/build/object_detection_visual' returned '0': CMAKE_PREFIX_PATH=${CMAKE_PREFIX_PATH}:/opt/ros/foxy:/opt/ros/rolling /usr/bin/cmake /home/radu/camera_detection_assignment/ws/src/object_detection_visual -DCMAKE_INSTALL_PREFIX=/home/radu/camera_detection_assignment/ws/install/object_detection_visual
[2.639s] DEBUG:colcon.colcon_core.event_handler.log_command:Invoking command in '/home/radu/camera_detection_assignment/ws/build/object_detection_visual': CMAKE_PREFIX_PATH=${CMAKE_PREFIX_PATH}:/opt/ros/foxy:/opt/ros/rolling /usr/bin/cmake --build /home/radu/camera_detection_assignment/ws/build/object_detection_visual -- -j12 -l12
[7.446s] DEBUG:colcon.colcon_core.event_handler.log_command:Invoked command in '/home/radu/camera_detection_assignment/ws/build/object_detection_visual' returned '0': CMAKE_PREFIX_PATH=${CMAKE_PREFIX_PATH}:/opt/ros/foxy:/opt/ros/rolling /usr/bin/cmake --build /home/radu/camera_detection_assignment/ws/build/object_detection_visual -- -j12 -l12
[7.482s] DEBUG:colcon.colcon_core.event_handler.log_command:Invoking command in '/home/radu/camera_detection_assignment/ws/build/object_detection_visual': CMAKE_PREFIX_PATH=${CMAKE_PREFIX_PATH}:/opt/ros/foxy:/opt/ros/rolling /usr/bin/cmake --install /home/radu/camera_detection_assignment/ws/build/object_detection_visual
[7.496s] Level 1:colcon.colcon_core.environment:create_environment_scripts_only(object_detection_visual)
[7.497s] DEBUG:colcon.colcon_core.event_handler.log_command:Invoked command in '/home/radu/camera_detection_assignment/ws/build/object_detection_visual' returned '0': CMAKE_PREFIX_PATH=${CMAKE_PREFIX_PATH}:/opt/ros/foxy:/opt/ros/rolling /usr/bin/cmake --install /home/radu/camera_detection_assignment/ws/build/object_detection_visual
[7.501s] Level 1:colcon.colcon_core.environment:checking '/home/radu/camera_detection_assignment/ws/install/object_detection_visual' for CMake module files
[7.501s] Level 1:colcon.colcon_core.environment:checking '/home/radu/camera_detection_assignment/ws/install/object_detection_visual' for CMake config files
[7.501s] Level 1:colcon.colcon_core.shell:create_environment_hook('object_detection_visual', 'cmake_prefix_path')
[7.502s] INFO:colcon.colcon_core.shell:Creating environment hook '/home/radu/camera_detection_assignment/ws/install/object_detection_visual/share/object_detection_visual/hook/cmake_prefix_path.ps1'
[7.503s] INFO:colcon.colcon_core.shell:Creating environment descriptor '/home/radu/camera_detection_assignment/ws/install/object_detection_visual/share/object_detection_visual/hook/cmake_prefix_path.dsv'
[7.503s] INFO:colcon.colcon_core.shell:Creating environment hook '/home/radu/camera_detection_assignment/ws/install/object_detection_visual/share/object_detection_visual/hook/cmake_prefix_path.sh'
[7.504s] Level 1:colcon.colcon_core.environment:checking '/home/radu/camera_detection_assignment/ws/install/object_detection_visual/lib'
[7.504s] Level 1:colcon.colcon_core.environment:checking '/home/radu/camera_detection_assignment/ws/install/object_detection_visual/bin'
[7.504s] Level 1:colcon.colcon_core.environment:checking '/home/radu/camera_detection_assignment/ws/install/object_detection_visual/lib/pkgconfig/object_detection_visual.pc'
[7.504s] Level 1:colcon.colcon_core.environment:checking '/home/radu/camera_detection_assignment/ws/install/object_detection_visual/lib/python3.8/site-packages'
[7.505s] Level 1:colcon.colcon_core.environment:checking '/home/radu/camera_detection_assignment/ws/install/object_detection_visual/bin'
[7.506s] INFO:colcon.colcon_core.shell:Creating package script '/home/radu/camera_detection_assignment/ws/install/object_detection_visual/share/object_detection_visual/package.ps1'
[7.506s] INFO:colcon.colcon_core.shell:Creating package descriptor '/home/radu/camera_detection_assignment/ws/install/object_detection_visual/share/object_detection_visual/package.dsv'
[7.507s] INFO:colcon.colcon_core.shell:Creating package script '/home/radu/camera_detection_assignment/ws/install/object_detection_visual/share/object_detection_visual/package.sh'
[7.507s] INFO:colcon.colcon_core.shell:Creating package script '/home/radu/camera_detection_assignment/ws/install/object_detection_visual/share/object_detection_visual/package.bash'
[7.508s] INFO:colcon.colcon_core.shell:Creating package script '/home/radu/camera_detection_assignment/ws/install/object_detection_visual/share/object_detection_visual/package.zsh'
[7.508s] Level 1:colcon.colcon_core.environment:create_file_with_runtime_dependencies(/home/radu/camera_detection_assignment/ws/install/object_detection_visual/share/colcon-core/packages/object_detection_visual)
[7.535s] Level 1:colcon.colcon_core.environment:create_environment_scripts_only(object_detection_visual)
[7.537s] Level 1:colcon.colcon_core.environment:checking '/home/radu/camera_detection_assignment/ws/install/object_detection_visual' for CMake module files
[7.537s] Level 1:colcon.colcon_core.environment:checking '/home/radu/camera_detection_assignment/ws/install/object_detection_visual' for CMake config files
[7.538s] Level 1:colcon.colcon_core.shell:create_environment_hook('object_detection_visual', 'cmake_prefix_path')
[7.539s] INFO:colcon.colcon_core.shell:Creating environment hook '/home/radu/camera_detection_assignment/ws/install/object_detection_visual/share/object_detection_visual/hook/cmake_prefix_path.ps1'
[7.539s] INFO:colcon.colcon_core.shell:Creating environment descriptor '/home/radu/camera_detection_assignment/ws/install/object_detection_visual/share/object_detection_visual/hook/cmake_prefix_path.dsv'
[7.540s] INFO:colcon.colcon_core.shell:Creating environment hook '/home/radu/camera_detection_assignment/ws/install/object_detection_visual/share/object_detection_visual/hook/cmake_prefix_path.sh'
[7.540s] Level 1:colcon.colcon_core.environment:checking '/home/radu/camera_detection_assignment/ws/install/object_detection_visual/lib'
[7.540s] Level 1:colcon.colcon_core.environment:checking '/home/radu/camera_detection_assignment/ws/install/object_detection_visual/bin'
[7.540s] Level 1:colcon.colcon_core.environment:checking '/home/radu/camera_detection_assignment/ws/install/object_detection_visual/lib/pkgconfig/object_detection_visual.pc'
[7.540s] Level 1:colcon.colcon_core.environment:checking '/home/radu/camera_detection_assignment/ws/install/object_detection_visual/lib/python3.8/site-packages'
[7.540s] Level 1:colcon.colcon_core.environment:checking '/home/radu/camera_detection_assignment/ws/install/object_detection_visual/bin'
[7.542s] INFO:colcon.colcon_core.shell:Creating package script '/home/radu/camera_detection_assignment/ws/install/object_detection_visual/share/object_detection_visual/package.ps1'
[7.542s] INFO:colcon.colcon_core.shell:Creating package descriptor '/home/radu/camera_detection_assignment/ws/install/object_detection_visual/share/object_detection_visual/package.dsv'
[7.542s] INFO:colcon.colcon_core.shell:Creating package script '/home/radu/camera_detection_assignment/ws/install/object_detection_visual/share/object_detection_visual/package.sh'
[7.543s] INFO:colcon.colcon_core.shell:Creating package script '/home/radu/camera_detection_assignment/ws/install/object_detection_visual/share/object_detection_visual/package.bash'
[7.543s] INFO:colcon.colcon_core.shell:Creating package script '/home/radu/camera_detection_assignment/ws/install/object_detection_visual/share/object_detection_visual/package.zsh'
[7.543s] Level 1:colcon.colcon_core.environment:create_file_with_runtime_dependencies(/home/radu/camera_detection_assignment/ws/install/object_detection_visual/share/colcon-core/packages/object_detection_visual)
[7.543s] DEBUG:colcon.colcon_parallel_executor.executor.parallel:closing loop
[7.544s] DEBUG:colcon.colcon_parallel_executor.executor.parallel:loop closed
[7.544s] DEBUG:colcon.colcon_parallel_executor.executor.parallel:run_until_complete finished with '0'
[7.544s] DEBUG:colcon.colcon_core.event_reactor:joining thread
[7.549s] INFO:colcon.colcon_core.plugin_system:Skipping extension 'colcon_notification.desktop_notification.terminal_notifier': Not used on non-Darwin systems
[7.549s] INFO:colcon.colcon_core.plugin_system:Skipping extension 'colcon_notification.desktop_notification.win32': Not used on non-Windows systems
[7.549s] INFO:colcon.colcon_notification.desktop_notification:Sending desktop notification using 'notify2'
[7.561s] DEBUG:colcon.colcon_core.event_reactor:joined thread
[7.562s] INFO:colcon.colcon_core.shell:Creating prefix script '/home/radu/camera_detection_assignment/ws/install/local_setup.ps1'
[7.563s] INFO:colcon.colcon_core.shell:Creating prefix util module '/home/radu/camera_detection_assignment/ws/install/_local_setup_util_ps1.py'
[7.564s] INFO:colcon.colcon_core.shell:Creating prefix chain script '/home/radu/camera_detection_assignment/ws/install/setup.ps1'
[7.566s] INFO:colcon.colcon_core.shell:Creating prefix script '/home/radu/camera_detection_assignment/ws/install/local_setup.sh'
[7.566s] INFO:colcon.colcon_core.shell:Creating prefix util module '/home/radu/camera_detection_assignment/ws/install/_local_setup_util_sh.py'
[7.566s] INFO:colcon.colcon_core.shell:Creating prefix chain script '/home/radu/camera_detection_assignment/ws/install/setup.sh'
[7.568s] INFO:colcon.colcon_core.shell:Creating prefix script '/home/radu/camera_detection_assignment/ws/install/local_setup.bash'
[7.568s] INFO:colcon.colcon_core.shell:Creating prefix chain script '/home/radu/camera_detection_assignment/ws/install/setup.bash'
[7.569s] INFO:colcon.colcon_core.shell:Creating prefix script '/home/radu/camera_detection_assignment/ws/install/local_setup.zsh'
[7.570s] INFO:colcon.colcon_core.shell:Creating prefix chain script '/home/radu/camera_detection_assignment/ws/install/setup.zsh'
